<?xml version="1.0" encoding="UTF-8"?>
<!-- Generated by org.testng.reporters.JUnitReportReporter -->
<testsuite skipped="1" hostname="Priya" name="runner.testrunner" tests="1" failures="0" timestamp="14 Oct 2019 15:21:50 GMT" time="0.000" errors="0">
  <testcase name="feature" time="0.000" classname="runner.testrunner">
    <skipped/>
  </testcase> <!-- feature -->
</testsuite> <!-- runner.testrunner -->
